<?xml version="1.0" encoding="UTF-8"?>
<robot generator="Robot 7.0 (Python 3.12.1 on win32)" generated="2024-02-23T16:21:54.246836" rpa="false" schemaversion="5">
<suite id="s1" name="Crm" source="c:\development\robot-scripts\crm\Tests\crm.robot">
<test id="s1-t1" name="Home page should load" line="20">
<kw name="Begin Web Test" owner="Common" type="SETUP">
<kw name="Open Browser" owner="SeleniumLibrary">
<msg time="2024-02-23T16:21:54.591645" level="INFO">Opening browser 'edge' to base url 'about:blank'.</msg>
<arg>about:blank</arg>
<arg>${BROWSER}</arg>
<doc>Opens a new browser instance to the optional ``url``.</doc>
<status status="PASS" start="2024-02-23T16:21:54.590644" elapsed="6.168222"/>
</kw>
<tag>1006</tag>
<tag>Contacts</tag>
<tag>Smoke</tag>
<doc>This is some basic info about the test</doc>
<status status="PASS" start="2024-02-23T16:21:54.589645" elapsed="6.170220"/>
</kw>
<kw name="Go to &quot;Home&quot; page" owner="CrmApp">
<kw name="Navigate To" owner="Home">
<kw name="Go To" owner="SeleniumLibrary">
<msg time="2024-02-23T16:22:00.760866" level="INFO">Opening url 'https://automationplayground.com/crm/'</msg>
<arg>${URL}</arg>
<doc>Navigates the current browser window to the provided ``url``.</doc>
<status status="PASS" start="2024-02-23T16:22:00.760866" elapsed="3.285579"/>
</kw>
<status status="PASS" start="2024-02-23T16:22:00.760866" elapsed="3.285579"/>
</kw>
<kw name="Verify page loaded" owner="Home">
<kw name="Wait Until Page Contains" owner="SeleniumLibrary">
<arg>${HOME_HEADER_LABEL}</arg>
<doc>Waits until ``text`` appears on the current page.</doc>
<status status="PASS" start="2024-02-23T16:22:04.047908" elapsed="0.017338"/>
</kw>
<status status="PASS" start="2024-02-23T16:22:04.047908" elapsed="0.017338"/>
</kw>
<status status="PASS" start="2024-02-23T16:22:00.759865" elapsed="3.306442"/>
</kw>
<kw name="End Web Test" owner="Common" type="TEARDOWN">
<kw name="Close All Browsers" owner="SeleniumLibrary">
<doc>Closes all open browsers and resets the browser cache.</doc>
<status status="PASS" start="2024-02-23T16:22:04.066307" elapsed="6.285579"/>
</kw>
<status status="PASS" start="2024-02-23T16:22:04.066307" elapsed="6.285579"/>
</kw>
<doc>Test the Home page</doc>
<tag>1001</tag>
<tag>Home</tag>
<tag>smoke</tag>
<status status="PASS" start="2024-02-23T16:21:54.587644" elapsed="15.765251"/>
</test>
<test id="s1-t2" name="Should be able to Login with valid credentials" line="25">
<kw name="Begin Web Test" owner="Common" type="SETUP">
<kw name="Open Browser" owner="SeleniumLibrary">
<msg time="2024-02-23T16:22:10.356423" level="INFO">Opening browser 'edge' to base url 'about:blank'.</msg>
<arg>about:blank</arg>
<arg>${BROWSER}</arg>
<doc>Opens a new browser instance to the optional ``url``.</doc>
<status status="PASS" start="2024-02-23T16:22:10.356423" elapsed="1.904833"/>
</kw>
<tag>1006</tag>
<tag>Contacts</tag>
<tag>Smoke</tag>
<doc>This is some basic info about the test</doc>
<status status="PASS" start="2024-02-23T16:22:10.354911" elapsed="1.906345"/>
</kw>
<kw name="Go to &quot;Home&quot; page" owner="CrmApp">
<kw name="Navigate To" owner="Home">
<kw name="Go To" owner="SeleniumLibrary">
<msg time="2024-02-23T16:22:12.263257" level="INFO">Opening url 'https://automationplayground.com/crm/'</msg>
<arg>${URL}</arg>
<doc>Navigates the current browser window to the provided ``url``.</doc>
<status status="PASS" start="2024-02-23T16:22:12.263257" elapsed="2.672444"/>
</kw>
<status status="PASS" start="2024-02-23T16:22:12.262257" elapsed="2.673444"/>
</kw>
<kw name="Verify page loaded" owner="Home">
<kw name="Wait Until Page Contains" owner="SeleniumLibrary">
<arg>${HOME_HEADER_LABEL}</arg>
<doc>Waits until ``text`` appears on the current page.</doc>
<status status="PASS" start="2024-02-23T16:22:14.936731" elapsed="0.017603"/>
</kw>
<status status="PASS" start="2024-02-23T16:22:14.935701" elapsed="0.018633"/>
</kw>
<status status="PASS" start="2024-02-23T16:22:12.261256" elapsed="2.693078"/>
</kw>
<kw name="Login with valid credentials" owner="CrmApp">
<kw name="Click &quot;Sign In&quot; Link" owner="TopNav">
<kw name="Click Link" owner="SeleniumLibrary">
<msg time="2024-02-23T16:22:14.956480" level="INFO">Clicking link 'id=SignIn'.</msg>
<arg>${TOPNAV_SIGNIN_LINK}</arg>
<doc>Clicks a link identified by ``locator``.</doc>
<status status="PASS" start="2024-02-23T16:22:14.955474" elapsed="2.954737"/>
</kw>
<status status="PASS" start="2024-02-23T16:22:14.955474" elapsed="2.954737"/>
</kw>
<kw name="Verify page loaded" owner="SignIn">
<kw name="Wait Until Page Contains" owner="SeleniumLibrary">
<arg>Login</arg>
<doc>Waits until ``text`` appears on the current page.</doc>
<status status="PASS" start="2024-02-23T16:22:17.912214" elapsed="0.020013"/>
</kw>
<status status="PASS" start="2024-02-23T16:22:17.911212" elapsed="0.021015"/>
</kw>
<kw name="Login with valid credentials" owner="SignIn">
<kw name="Fill &quot;Email&quot; Field" owner="SignIn">
<kw name="Input Text" owner="SeleniumLibrary">
<msg time="2024-02-23T16:22:17.933246" level="INFO">Typing text 'admin@robotframeworktutorial.com' into text field 'id=email-id'.</msg>
<arg>${SIGNIN_EMAIL_TEXTBOX}</arg>
<arg>${Email}</arg>
<doc>Types the given ``text`` into the text field identified by ``locator``.</doc>
<status status="PASS" start="2024-02-23T16:22:17.933246" elapsed="0.266700"/>
</kw>
<arg>${Email}</arg>
<status status="PASS" start="2024-02-23T16:22:17.933246" elapsed="0.266700"/>
</kw>
<kw name="Fill &quot;Password&quot; Field" owner="SignIn">
<kw name="Input Text" owner="SeleniumLibrary">
<msg time="2024-02-23T16:22:18.201000" level="INFO">Typing text 'qwe' into text field 'id=password'.</msg>
<arg>${SIGNIN_PASSWORD_TEXTBOX}</arg>
<arg>${Password}</arg>
<doc>Types the given ``text`` into the text field identified by ``locator``.</doc>
<status status="PASS" start="2024-02-23T16:22:18.199946" elapsed="0.131954"/>
</kw>
<arg>${Password}</arg>
<status status="PASS" start="2024-02-23T16:22:18.199946" elapsed="0.133092"/>
</kw>
<kw name="Click &quot;Submit&quot; Button" owner="SignIn">
<kw name="Click Button" owner="SeleniumLibrary">
<msg time="2024-02-23T16:22:18.334044" level="INFO">Clicking button 'id=submit-id'.</msg>
<arg>${SIGNIN_SUBMIT_TEXTBOX}</arg>
<doc>Clicks the button identified by ``locator``.</doc>
<status status="PASS" start="2024-02-23T16:22:18.333038" elapsed="1.961969"/>
</kw>
<status status="PASS" start="2024-02-23T16:22:18.333038" elapsed="1.961969"/>
</kw>
<arg>${Email}</arg>
<arg>${Password}</arg>
<status status="PASS" start="2024-02-23T16:22:17.932227" elapsed="2.362780"/>
</kw>
<kw name="Verify page loaded" owner="Customers">
<kw name="Wait Until Page Contains" owner="SeleniumLibrary">
<arg>${CUSTOMERS_HEADER_LABEL}</arg>
<doc>Waits until ``text`` appears on the current page.</doc>
<status status="PASS" start="2024-02-23T16:22:20.296382" elapsed="0.026388"/>
</kw>
<status status="PASS" start="2024-02-23T16:22:20.295007" elapsed="0.027763"/>
</kw>
<arg>${VALID_LOGIN_EMAIL}</arg>
<arg>${VALID_LOGIN_PASSWORD}</arg>
<status status="PASS" start="2024-02-23T16:22:14.954334" elapsed="5.368436"/>
</kw>
<kw name="End Web Test" owner="Common" type="TEARDOWN">
<kw name="Close All Browsers" owner="SeleniumLibrary">
<doc>Closes all open browsers and resets the browser cache.</doc>
<status status="PASS" start="2024-02-23T16:22:20.325037" elapsed="6.337175"/>
</kw>
<status status="PASS" start="2024-02-23T16:22:20.324029" elapsed="6.339230"/>
</kw>
<doc>Test the Login</doc>
<tag>1002</tag>
<tag>Login</tag>
<tag>smoke</tag>
<status status="PASS" start="2024-02-23T16:22:10.354406" elapsed="16.309853"/>
</test>
<test id="s1-t3" name="Should be able to Log out" line="31">
<kw name="Begin Web Test" owner="Common" type="SETUP">
<kw name="Open Browser" owner="SeleniumLibrary">
<msg time="2024-02-23T16:22:26.668259" level="INFO">Opening browser 'edge' to base url 'about:blank'.</msg>
<arg>about:blank</arg>
<arg>${BROWSER}</arg>
<doc>Opens a new browser instance to the optional ``url``.</doc>
<status status="PASS" start="2024-02-23T16:22:26.667259" elapsed="1.769088"/>
</kw>
<tag>1006</tag>
<tag>Contacts</tag>
<tag>Smoke</tag>
<doc>This is some basic info about the test</doc>
<status status="PASS" start="2024-02-23T16:22:26.667259" elapsed="1.769088"/>
</kw>
<kw name="Go to &quot;Home&quot; page" owner="CrmApp">
<kw name="Navigate To" owner="Home">
<kw name="Go To" owner="SeleniumLibrary">
<msg time="2024-02-23T16:22:28.437353" level="INFO">Opening url 'https://automationplayground.com/crm/'</msg>
<arg>${URL}</arg>
<doc>Navigates the current browser window to the provided ``url``.</doc>
<status status="PASS" start="2024-02-23T16:22:28.437353" elapsed="2.996381"/>
</kw>
<status status="PASS" start="2024-02-23T16:22:28.437353" elapsed="2.996381"/>
</kw>
<kw name="Verify page loaded" owner="Home">
<kw name="Wait Until Page Contains" owner="SeleniumLibrary">
<arg>${HOME_HEADER_LABEL}</arg>
<doc>Waits until ``text`` appears on the current page.</doc>
<status status="PASS" start="2024-02-23T16:22:31.434734" elapsed="0.017601"/>
</kw>
<status status="PASS" start="2024-02-23T16:22:31.433734" elapsed="0.018601"/>
</kw>
<status status="PASS" start="2024-02-23T16:22:28.437353" elapsed="3.014982"/>
</kw>
<kw name="Login with valid credentials" owner="CrmApp">
<kw name="Click &quot;Sign In&quot; Link" owner="TopNav">
<kw name="Click Link" owner="SeleniumLibrary">
<msg time="2024-02-23T16:22:31.454335" level="INFO">Clicking link 'id=SignIn'.</msg>
<arg>${TOPNAV_SIGNIN_LINK}</arg>
<doc>Clicks a link identified by ``locator``.</doc>
<status status="PASS" start="2024-02-23T16:22:31.454335" elapsed="2.202548"/>
</kw>
<status status="PASS" start="2024-02-23T16:22:31.453335" elapsed="2.205548"/>
</kw>
<kw name="Verify page loaded" owner="SignIn">
<kw name="Wait Until Page Contains" owner="SeleniumLibrary">
<arg>Login</arg>
<doc>Waits until ``text`` appears on the current page.</doc>
<status status="PASS" start="2024-02-23T16:22:33.660884" elapsed="0.018890"/>
</kw>
<status status="PASS" start="2024-02-23T16:22:33.658883" elapsed="0.020891"/>
</kw>
<kw name="Login with valid credentials" owner="SignIn">
<kw name="Fill &quot;Email&quot; Field" owner="SignIn">
<kw name="Input Text" owner="SeleniumLibrary">
<msg time="2024-02-23T16:22:33.681773" level="INFO">Typing text 'admin@robotframeworktutorial.com' into text field 'id=email-id'.</msg>
<arg>${SIGNIN_EMAIL_TEXTBOX}</arg>
<arg>${Email}</arg>
<doc>Types the given ``text`` into the text field identified by ``locator``.</doc>
<status status="PASS" start="2024-02-23T16:22:33.680774" elapsed="0.281425"/>
</kw>
<arg>${Email}</arg>
<status status="PASS" start="2024-02-23T16:22:33.680774" elapsed="0.281425"/>
</kw>
<kw name="Fill &quot;Password&quot; Field" owner="SignIn">
<kw name="Input Text" owner="SeleniumLibrary">
<msg time="2024-02-23T16:22:33.963199" level="INFO">Typing text 'qwe' into text field 'id=password'.</msg>
<arg>${SIGNIN_PASSWORD_TEXTBOX}</arg>
<arg>${Password}</arg>
<doc>Types the given ``text`` into the text field identified by ``locator``.</doc>
<status status="PASS" start="2024-02-23T16:22:33.963199" elapsed="0.128596"/>
</kw>
<arg>${Password}</arg>
<status status="PASS" start="2024-02-23T16:22:33.962199" elapsed="0.129596"/>
</kw>
<kw name="Click &quot;Submit&quot; Button" owner="SignIn">
<kw name="Click Button" owner="SeleniumLibrary">
<msg time="2024-02-23T16:22:34.092876" level="INFO">Clicking button 'id=submit-id'.</msg>
<arg>${SIGNIN_SUBMIT_TEXTBOX}</arg>
<doc>Clicks the button identified by ``locator``.</doc>
<status status="PASS" start="2024-02-23T16:22:34.092876" elapsed="0.314419"/>
</kw>
<status status="PASS" start="2024-02-23T16:22:34.092876" elapsed="0.315352"/>
</kw>
<arg>${Email}</arg>
<arg>${Password}</arg>
<status status="PASS" start="2024-02-23T16:22:33.679774" elapsed="0.728963"/>
</kw>
<kw name="Verify page loaded" owner="Customers">
<kw name="Wait Until Page Contains" owner="SeleniumLibrary">
<arg>${CUSTOMERS_HEADER_LABEL}</arg>
<doc>Waits until ``text`` appears on the current page.</doc>
<status status="PASS" start="2024-02-23T16:22:34.410255" elapsed="0.382797"/>
</kw>
<status status="PASS" start="2024-02-23T16:22:34.409245" elapsed="0.383807"/>
</kw>
<arg>${VALID_LOGIN_EMAIL}</arg>
<arg>${VALID_LOGIN_PASSWORD}</arg>
<status status="PASS" start="2024-02-23T16:22:31.453335" elapsed="3.339717"/>
</kw>
<kw name="Sign Out" owner="CrmApp">
<kw name="Click &quot;Sign Out&quot; Link" owner="TopNav">
<kw name="Click Link" owner="SeleniumLibrary">
<msg time="2024-02-23T16:22:34.795064" level="INFO">Clicking link 'Sign Out'.</msg>
<arg>${TOPNAV_SIGNOUT_LINK}</arg>
<doc>Clicks a link identified by ``locator``.</doc>
<status status="PASS" start="2024-02-23T16:22:34.795064" elapsed="0.338843"/>
</kw>
<status status="PASS" start="2024-02-23T16:22:34.794058" elapsed="0.339849"/>
</kw>
<kw name="Verify page loaded" owner="LoggedOut">
<kw name="Wait Until Page Contains" owner="SeleniumLibrary">
<arg>${CUSTOMER_SIGNED_OUT}</arg>
<doc>Waits until ``text`` appears on the current page.</doc>
<status status="PASS" start="2024-02-23T16:22:35.136219" elapsed="0.019669"/>
</kw>
<status status="PASS" start="2024-02-23T16:22:35.135142" elapsed="0.021764"/>
</kw>
<status status="PASS" start="2024-02-23T16:22:34.794058" elapsed="0.362848"/>
</kw>
<kw name="End Web Test" owner="Common" type="TEARDOWN">
<kw name="Close All Browsers" owner="SeleniumLibrary">
<doc>Closes all open browsers and resets the browser cache.</doc>
<status status="PASS" start="2024-02-23T16:22:35.157925" elapsed="6.263572"/>
</kw>
<status status="PASS" start="2024-02-23T16:22:35.156906" elapsed="6.265635"/>
</kw>
<doc>Test the Log out</doc>
<tag>1004</tag>
<tag>Logout</tag>
<tag>smoke</tag>
<status status="PASS" start="2024-02-23T16:22:26.666259" elapsed="14.756282"/>
</test>
<test id="s1-t4" name="Should be able to add new customer" line="38">
<kw name="Begin Web Test" owner="Common" type="SETUP">
<kw name="Open Browser" owner="SeleniumLibrary">
<msg time="2024-02-23T16:22:41.426542" level="INFO">Opening browser 'edge' to base url 'about:blank'.</msg>
<arg>about:blank</arg>
<arg>${BROWSER}</arg>
<doc>Opens a new browser instance to the optional ``url``.</doc>
<status status="PASS" start="2024-02-23T16:22:41.425542" elapsed="1.818261"/>
</kw>
<tag>1006</tag>
<tag>Contacts</tag>
<tag>Smoke</tag>
<doc>This is some basic info about the test</doc>
<status status="PASS" start="2024-02-23T16:22:41.425542" elapsed="1.818261"/>
</kw>
<kw name="Go to &quot;Home&quot; page" owner="CrmApp">
<kw name="Navigate To" owner="Home">
<kw name="Go To" owner="SeleniumLibrary">
<msg time="2024-02-23T16:22:43.247134" level="INFO">Opening url 'https://automationplayground.com/crm/'</msg>
<arg>${URL}</arg>
<doc>Navigates the current browser window to the provided ``url``.</doc>
<status status="PASS" start="2024-02-23T16:22:43.246136" elapsed="2.441555"/>
</kw>
<status status="PASS" start="2024-02-23T16:22:43.245128" elapsed="2.442563"/>
</kw>
<kw name="Verify page loaded" owner="Home">
<kw name="Wait Until Page Contains" owner="SeleniumLibrary">
<arg>${HOME_HEADER_LABEL}</arg>
<doc>Waits until ``text`` appears on the current page.</doc>
<status status="PASS" start="2024-02-23T16:22:45.688729" elapsed="0.021699"/>
</kw>
<status status="PASS" start="2024-02-23T16:22:45.687691" elapsed="0.022737"/>
</kw>
<status status="PASS" start="2024-02-23T16:22:43.245128" elapsed="2.466629"/>
</kw>
<kw name="Login with valid credentials" owner="CrmApp">
<kw name="Click &quot;Sign In&quot; Link" owner="TopNav">
<kw name="Click Link" owner="SeleniumLibrary">
<msg time="2024-02-23T16:22:45.712762" level="INFO">Clicking link 'id=SignIn'.</msg>
<arg>${TOPNAV_SIGNIN_LINK}</arg>
<doc>Clicks a link identified by ``locator``.</doc>
<status status="PASS" start="2024-02-23T16:22:45.712762" elapsed="2.988091"/>
</kw>
<status status="PASS" start="2024-02-23T16:22:45.712762" elapsed="2.988091"/>
</kw>
<kw name="Verify page loaded" owner="SignIn">
<kw name="Wait Until Page Contains" owner="SeleniumLibrary">
<arg>Login</arg>
<doc>Waits until ``text`` appears on the current page.</doc>
<status status="PASS" start="2024-02-23T16:22:48.701851" elapsed="0.019383"/>
</kw>
<status status="PASS" start="2024-02-23T16:22:48.701851" elapsed="0.019383"/>
</kw>
<kw name="Login with valid credentials" owner="SignIn">
<kw name="Fill &quot;Email&quot; Field" owner="SignIn">
<kw name="Input Text" owner="SeleniumLibrary">
<msg time="2024-02-23T16:22:48.722240" level="INFO">Typing text 'admin@robotframeworktutorial.com' into text field 'id=email-id'.</msg>
<arg>${SIGNIN_EMAIL_TEXTBOX}</arg>
<arg>${Email}</arg>
<doc>Types the given ``text`` into the text field identified by ``locator``.</doc>
<status status="PASS" start="2024-02-23T16:22:48.722240" elapsed="0.268509"/>
</kw>
<arg>${Email}</arg>
<status status="PASS" start="2024-02-23T16:22:48.722240" elapsed="0.268509"/>
</kw>
<kw name="Fill &quot;Password&quot; Field" owner="SignIn">
<kw name="Input Text" owner="SeleniumLibrary">
<msg time="2024-02-23T16:22:48.991869" level="INFO">Typing text 'qwe' into text field 'id=password'.</msg>
<arg>${SIGNIN_PASSWORD_TEXTBOX}</arg>
<arg>${Password}</arg>
<doc>Types the given ``text`` into the text field identified by ``locator``.</doc>
<status status="PASS" start="2024-02-23T16:22:48.991869" elapsed="0.127271"/>
</kw>
<arg>${Password}</arg>
<status status="PASS" start="2024-02-23T16:22:48.991869" elapsed="0.128676"/>
</kw>
<kw name="Click &quot;Submit&quot; Button" owner="SignIn">
<kw name="Click Button" owner="SeleniumLibrary">
<msg time="2024-02-23T16:22:49.121637" level="INFO">Clicking button 'id=submit-id'.</msg>
<arg>${SIGNIN_SUBMIT_TEXTBOX}</arg>
<doc>Clicks the button identified by ``locator``.</doc>
<status status="PASS" start="2024-02-23T16:22:49.120545" elapsed="0.389734"/>
</kw>
<status status="PASS" start="2024-02-23T16:22:49.120545" elapsed="0.389734"/>
</kw>
<arg>${Email}</arg>
<arg>${Password}</arg>
<status status="PASS" start="2024-02-23T16:22:48.721234" elapsed="0.789045"/>
</kw>
<kw name="Verify page loaded" owner="Customers">
<kw name="Wait Until Page Contains" owner="SeleniumLibrary">
<arg>${CUSTOMERS_HEADER_LABEL}</arg>
<doc>Waits until ``text`` appears on the current page.</doc>
<status status="PASS" start="2024-02-23T16:22:49.512290" elapsed="0.518690"/>
</kw>
<status status="PASS" start="2024-02-23T16:22:49.511266" elapsed="0.519714"/>
</kw>
<arg>${VALID_LOGIN_EMAIL}</arg>
<arg>${VALID_LOGIN_PASSWORD}</arg>
<status status="PASS" start="2024-02-23T16:22:45.711757" elapsed="4.319223"/>
</kw>
<kw name="Add New Customer" owner="CrmApp">
<kw name="Click Add Customer Link" owner="Customers">
<kw name="Click Link" owner="SeleniumLibrary">
<msg time="2024-02-23T16:22:50.033374" level="INFO">Clicking link 'id=new-customer'.</msg>
<arg>${CUSTOMERS_ADD_CUSTOMER_lINK}</arg>
<doc>Clicks a link identified by ``locator``.</doc>
<status status="PASS" start="2024-02-23T16:22:50.032000" elapsed="2.449266"/>
</kw>
<status status="PASS" start="2024-02-23T16:22:50.032000" elapsed="2.449266"/>
</kw>
<kw name="Verify page loaded" owner="AddCustomer">
<kw name="Wait Until Page Contains" owner="SeleniumLibrary">
<arg>${ADDCUSTOMER_HEADER_LABEL}</arg>
<doc>Waits until ``text`` appears on the current page.</doc>
<status status="PASS" start="2024-02-23T16:22:52.482296" elapsed="0.027456"/>
</kw>
<status status="PASS" start="2024-02-23T16:22:52.482296" elapsed="0.027456"/>
</kw>
<kw name="Add New Customer" owner="AddCustomer">
<kw name="Fill Customer Fields" owner="AddCustomer">
<kw name="Input Text" owner="SeleniumLibrary">
<msg time="2024-02-23T16:22:52.511812" level="INFO">Typing text 'kriass@gmail.com' into text field 'id=EmailAddress'.</msg>
<arg>${ADDCUSTOMER_EMAIL_TEXTBOX}</arg>
<arg>kriass@gmail.com</arg>
<doc>Types the given ``text`` into the text field identified by ``locator``.</doc>
<status status="PASS" start="2024-02-23T16:22:52.511812" elapsed="0.256866"/>
</kw>
<kw name="Input Text" owner="SeleniumLibrary">
<msg time="2024-02-23T16:22:52.770100" level="INFO">Typing text 'kria' into text field 'id=FirstName'.</msg>
<arg>${ADDCUSTOMER_FIRST_NAME_TEXTBOX}</arg>
<arg>kria</arg>
<doc>Types the given ``text`` into the text field identified by ``locator``.</doc>
<status status="PASS" start="2024-02-23T16:22:52.768678" elapsed="0.136332"/>
</kw>
<kw name="Input Text" owner="SeleniumLibrary">
<msg time="2024-02-23T16:22:52.905010" level="INFO">Typing text 'ss' into text field 'id=LastName'.</msg>
<arg>${ADDCUSTOMER_LAST_NAME_TEXTBOX}</arg>
<arg>ss</arg>
<doc>Types the given ``text`` into the text field identified by ``locator``.</doc>
<status status="PASS" start="2024-02-23T16:22:52.905010" elapsed="0.137373"/>
</kw>
<kw name="Input Text" owner="SeleniumLibrary">
<msg time="2024-02-23T16:22:53.043495" level="INFO">Typing text 'Helsinki' into text field 'id=City'.</msg>
<arg>${ADDCUSTOMER_CITY_TEXTBOX}</arg>
<arg>Helsinki</arg>
<doc>Types the given ``text`` into the text field identified by ``locator``.</doc>
<status status="PASS" start="2024-02-23T16:22:53.043495" elapsed="0.165610"/>
</kw>
<kw name="Select From List By Label" owner="SeleniumLibrary">
<msg time="2024-02-23T16:22:53.209105" level="INFO">Selecting options from selection list 'id=StateOrRegion' by label N/A.</msg>
<arg>${ADDCUSTOMER_STATE_DROPDOWN}</arg>
<arg>N/A</arg>
<doc>Selects options from selection list ``locator`` by ``labels``.</doc>
<status status="PASS" start="2024-02-23T16:22:53.209105" elapsed="0.074176"/>
</kw>
<kw name="Select Radio Button" owner="SeleniumLibrary">
<msg time="2024-02-23T16:22:53.284290" level="INFO">Selecting 'female' from radio button 'gender'.</msg>
<arg>${ADDCUSTOMER_GENDER_RADIO}</arg>
<arg>female</arg>
<doc>Sets the radio button group ``group_name`` to ``value``.</doc>
<status status="PASS" start="2024-02-23T16:22:53.284290" elapsed="0.089614"/>
</kw>
<kw name="Select Checkbox" owner="SeleniumLibrary">
<msg time="2024-02-23T16:22:53.375051" level="INFO">Selecting checkbox 'name=promos-name'.</msg>
<arg>${ADDCUSTOMER_PROMO_CHECKBOX}</arg>
<doc>Selects the checkbox identified by ``locator``.</doc>
<status status="PASS" start="2024-02-23T16:22:53.373904" elapsed="0.105341"/>
</kw>
<status status="PASS" start="2024-02-23T16:22:52.510782" elapsed="0.968463"/>
</kw>
<kw name="Click Submit Button" owner="AddCustomer">
<kw name="Click Button" owner="SeleniumLibrary">
<msg time="2024-02-23T16:22:53.480266" level="INFO">Clicking button 'Submit'.</msg>
<arg>${ADDCUSTOMER_SUBMIT_BUTTON}</arg>
<doc>Clicks the button identified by ``locator``.</doc>
<status status="PASS" start="2024-02-23T16:22:53.480266" elapsed="1.337268"/>
</kw>
<status status="PASS" start="2024-02-23T16:22:53.479245" elapsed="1.338289"/>
</kw>
<status status="PASS" start="2024-02-23T16:22:52.510782" elapsed="2.306752"/>
</kw>
<kw name="Verify Customer Added successfully" owner="Customers">
<kw name="Wait Until Page Contains" owner="SeleniumLibrary">
<arg>${CUSTOMERS_ADDED_SUCCESS}</arg>
<doc>Waits until ``text`` appears on the current page.</doc>
<status status="PASS" start="2024-02-23T16:22:54.817534" elapsed="0.018702"/>
</kw>
<status status="PASS" start="2024-02-23T16:22:54.817534" elapsed="0.018702"/>
</kw>
<status status="PASS" start="2024-02-23T16:22:50.030980" elapsed="4.805256"/>
</kw>
<kw name="Sign Out" owner="CrmApp">
<kw name="Click &quot;Sign Out&quot; Link" owner="TopNav">
<kw name="Click Link" owner="SeleniumLibrary">
<msg time="2024-02-23T16:22:54.837919" level="INFO">Clicking link 'Sign Out'.</msg>
<arg>${TOPNAV_SIGNOUT_LINK}</arg>
<doc>Clicks a link identified by ``locator``.</doc>
<status status="PASS" start="2024-02-23T16:22:54.837919" elapsed="1.205306"/>
</kw>
<status status="PASS" start="2024-02-23T16:22:54.836901" elapsed="1.206324"/>
</kw>
<kw name="Verify page loaded" owner="LoggedOut">
<kw name="Wait Until Page Contains" owner="SeleniumLibrary">
<arg>${CUSTOMER_SIGNED_OUT}</arg>
<doc>Waits until ``text`` appears on the current page.</doc>
<status status="PASS" start="2024-02-23T16:22:56.044224" elapsed="0.019122"/>
</kw>
<status status="PASS" start="2024-02-23T16:22:56.043225" elapsed="0.020121"/>
</kw>
<status status="PASS" start="2024-02-23T16:22:54.836901" elapsed="1.226445"/>
</kw>
<kw name="End Web Test" owner="Common" type="TEARDOWN">
<kw name="Close All Browsers" owner="SeleniumLibrary">
<doc>Closes all open browsers and resets the browser cache.</doc>
<status status="PASS" start="2024-02-23T16:22:56.064374" elapsed="6.291990"/>
</kw>
<status status="PASS" start="2024-02-23T16:22:56.064374" elapsed="6.293032"/>
</kw>
<doc>Test adding a new customer!</doc>
<tag>1006</tag>
<tag>Contacts</tag>
<tag>smoke</tag>
<status status="PASS" start="2024-02-23T16:22:41.424541" elapsed="20.932865"/>
</test>
<doc>This is some basic info about the whole suite</doc>
<status status="PASS" start="2024-02-23T16:21:54.249836" elapsed="68.109570"/>
</suite>
<statistics>
<total>
<stat pass="4" fail="0" skip="0">All Tests</stat>
</total>
<tag>
<stat pass="1" fail="0" skip="0">1001</stat>
<stat pass="1" fail="0" skip="0">1002</stat>
<stat pass="1" fail="0" skip="0">1004</stat>
<stat pass="1" fail="0" skip="0">1006</stat>
<stat pass="1" fail="0" skip="0">Contacts</stat>
<stat pass="1" fail="0" skip="0">Home</stat>
<stat pass="1" fail="0" skip="0">Login</stat>
<stat pass="1" fail="0" skip="0">Logout</stat>
<stat pass="4" fail="0" skip="0">smoke</stat>
</tag>
<suite>
<stat pass="4" fail="0" skip="0" id="s1" name="Crm">Crm</stat>
</suite>
</statistics>
<errors>
</errors>
</robot>
